Arborivia/app/build/intermediates/manifest_merge_blame_file/release/manifest-merger-blame-release-report.txt
1<?xml version="1.0" encoding="utf-8"?>
2<manifest xmlns:android="http://schemas.android.com/apk/res/android"
3    package="com.codeacademy.arborivia"
4    android:versionCode="1"
5    android:versionName="1.0" >
6
7    <uses-sdk
8        android:minSdkVersion="16"
8-->src\main\AndroidManifest.xml
9        android:targetSdkVersion="30" />
9-->src\main\AndroidManifest.xml
10
11    <application
11-->src\main\AndroidManifest.xml:5:5-30:19
12        android:allowBackup="true"
12-->src\main\AndroidManifest.xml:6:9-35
13        android:appComponentFactory="androidx.core.app.CoreComponentFactory"
13-->[androidx.core:core:1.5.0] AndroidManifest.xml:24:18-86
14        android:icon="@drawable/ic_unquote_icon"
14-->src\main\AndroidManifest.xml:7:9-49
15        android:label="@string/app_name"
15-->src\main\AndroidManifest.xml:8:9-41
16        android:roundIcon="@mipmap/ic_launcher_round"
16-->src\main\AndroidManifest.xml:9:9-54
17        android:supportsRtl="true"
17-->src\main\AndroidManifest.xml:10:9-35
18        android:theme="@style/Theme.Arborivia" >
18-->src\main\AndroidManifest.xml:11:9-47
19        <activity android:name="com.codeacademy.arborivia.MainActivity" >
19-->src\main\AndroidManifest.xml:12:9-29:20
19-->src\main\AndroidManifest.xml:12:19-47
20            <intent-filter>
20-->src\main\AndroidManifest.xml:13:13-17:29
21                <action android:name="android.intent.action.MAIN" />
21-->src\main\AndroidManifest.xml:14:17-69
21-->src\main\AndroidManifest.xml:14:25-66
22
23                <category android:name="android.intent.category.LAUNCHER" />
23-->src\main\AndroidManifest.xml:16:17-77
23-->src\main\AndroidManifest.xml:16:27-74
24            </intent-filter>
25            <intent-filter>
25-->src\main\AndroidManifest.xml:18:13-28:29
26                <action android:name="android.intent.action.VIEW" />
26-->src\main\AndroidManifest.xml:19:17-69
26-->src\main\AndroidManifest.xml:19:25-66
27
28                <category android:name="android.intent.category.DEFAULT" />
28-->src\main\AndroidManifest.xml:21:17-76
28-->src\main\AndroidManifest.xml:21:27-73
29                <category android:name="android.intent.category.BROWSABLE" />
29-->src\main\AndroidManifest.xml:22:17-78
29-->src\main\AndroidManifest.xml:22:27-75
30
31                <data
31-->src\main\AndroidManifest.xml:24:17-27:56
32                    android:host="corywang.com"
32-->src\main\AndroidManifest.xml:26:21-48
33                    android:pathPattern="/arborivia"
33-->src\main\AndroidManifest.xml:27:21-53
34                    android:scheme="http" />
34-->src\main\AndroidManifest.xml:25:21-42
35            </intent-filter>
36        </activity>
37    </application>
38
39</manifest>